This file contains any messages produced by compilers while
running configure, to aid debugging if configure makes a mistake.

It was created by sosdb-grafana configure 4.0.0, which was
generated by GNU Autoconf 2.69.  Invocation command line was

  $ ../configure --prefix=/var/www/ovis_web_svcs

## --------- ##
## Platform. ##
## --------- ##

hostname = iscq.internal.ncsa.edu
uname -m = x86_64
uname -r = 3.10.0-957.21.3.el7.x86_64
uname -s = Linux
uname -v = #1 SMP Tue Jun 18 16:35:19 UTC 2019

/usr/bin/uname -p = x86_64
/bin/uname -X     = unknown

/bin/arch              = x86_64
/usr/bin/arch -k       = unknown
/usr/convex/getsysinfo = unknown
/usr/bin/hostinfo      = unknown
/bin/machine           = unknown
/usr/bin/oslevel       = unknown
/bin/universe          = unknown

PATH: /usr/local/sbin
PATH: /usr/local/bin
PATH: /sbin
PATH: /bin
PATH: /usr/sbin
PATH: /usr/bin
PATH: /root/bin


## ----------- ##
## Core tests. ##
## ----------- ##

configure:1776: checking for a BSD-compatible install
configure:1844: result: /bin/install -c
configure:1855: checking whether build environment is sane
configure:1910: result: yes
configure:2061: checking for a thread-safe mkdir -p
configure:2100: result: /bin/mkdir -p
configure:2107: checking for gawk
configure:2123: found /bin/gawk
configure:2134: result: gawk
configure:2145: checking whether make sets $(MAKE)
configure:2167: result: yes
configure:2196: checking whether make supports nested variables
configure:2213: result: yes
configure:2332: checking for a Python interpreter with version >= 3.6
configure:2349: python -c import sys # split strings by '.' and convert to numeric. Append some zeros # because we need at least 4 digits for the hex conversion. # map returns an iterator in Python 3.0 and a list in 2.x minver = list(map(int, '3.6'.split('.'))) + [0, 0, 0] minverhex = 0 # xrange is not present in Python 3.0 and range returns an iterator for i in list(range(0, 4)): minverhex = (minverhex << 8) + minver[i] sys.exit(sys.hexversion < minverhex)
configure:2352: $? = 1
configure:2349: python2 -c import sys # split strings by '.' and convert to numeric. Append some zeros # because we need at least 4 digits for the hex conversion. # map returns an iterator in Python 3.0 and a list in 2.x minver = list(map(int, '3.6'.split('.'))) + [0, 0, 0] minverhex = 0 # xrange is not present in Python 3.0 and range returns an iterator for i in list(range(0, 4)): minverhex = (minverhex << 8) + minver[i] sys.exit(sys.hexversion < minverhex)
configure:2352: $? = 1
configure:2349: python3 -c import sys # split strings by '.' and convert to numeric. Append some zeros # because we need at least 4 digits for the hex conversion. # map returns an iterator in Python 3.0 and a list in 2.x minver = list(map(int, '3.6'.split('.'))) + [0, 0, 0] minverhex = 0 # xrange is not present in Python 3.0 and range returns an iterator for i in list(range(0, 4)): minverhex = (minverhex << 8) + minver[i] sys.exit(sys.hexversion < minverhex)
configure:2352: $? = 0
configure:2358: result: python3
configure:2366: checking for python3
configure:2384: found /bin/python3
configure:2396: result: /bin/python3
configure:2414: checking for python3 version
configure:2421: result: 3.6
configure:2433: checking for python3 platform
configure:2440: result: linux
configure:2466: checking for python3 script directory
configure:2501: result: ${prefix}/lib/python3.6/site-packages
configure:2510: checking for python3 extension module directory
configure:2545: result: ${exec_prefix}/lib64/python3.6/site-packages
configure:2696: checking that generated files are newer than configure
configure:2702: result: done
configure:2714: creating ./config.status

## ---------------------- ##
## Running config.status. ##
## ---------------------- ##

This file was extended by sosdb-grafana config.status 4.0.0, which was
generated by GNU Autoconf 2.69.  Invocation command line was

  CONFIG_FILES    = 
  CONFIG_HEADERS  = 
  CONFIG_LINKS    = 
  CONFIG_COMMANDS = 
  $ ./config.status 

on iscq.internal.ncsa.edu

config.status:825: creating Makefile
config.status:825: creating sosgui/Makefile
config.status:825: creating grafana/Makefile
config.status:825: creating sosds/Makefile
config.status:825: creating config.h
config.status:991: config.h is unchanged

## ---------------- ##
## Cache variables. ##
## ---------------- ##

ac_cv_env_PYTHON_set=
ac_cv_env_PYTHON_value=
ac_cv_env_build_alias_set=
ac_cv_env_build_alias_value=
ac_cv_env_host_alias_set=
ac_cv_env_host_alias_value=
ac_cv_env_target_alias_set=
ac_cv_env_target_alias_value=
ac_cv_path_PYTHON=/bin/python3
ac_cv_path_install='/bin/install -c'
ac_cv_path_mkdir=/bin/mkdir
ac_cv_prog_AWK=gawk
ac_cv_prog_make_make_set=yes
am_cv_make_support_nested_variables=yes
am_cv_pathless_PYTHON=python3
am_cv_python_platform=linux
am_cv_python_pyexecdir='${exec_prefix}/lib64/python3.6/site-packages'
am_cv_python_pythondir='${prefix}/lib/python3.6/site-packages'
am_cv_python_version=3.6

## ----------------- ##
## Output variables. ##
## ----------------- ##

ACLOCAL='${SHELL} /root/DOE/sosdb-grafana/missing aclocal-1.13'
AMTAR='$${TAR-tar}'
AM_BACKSLASH='\'
AM_DEFAULT_V='$(AM_DEFAULT_VERBOSITY)'
AM_DEFAULT_VERBOSITY='1'
AM_V='$(V)'
AUTOCONF='${SHELL} /root/DOE/sosdb-grafana/missing autoconf'
AUTOHEADER='${SHELL} /root/DOE/sosdb-grafana/missing autoheader'
AUTOMAKE='${SHELL} /root/DOE/sosdb-grafana/missing automake-1.13'
AWK='gawk'
BALER_FALSE=''
BALER_TRUE='#'
CYGPATH_W='echo'
DEFS='-DHAVE_CONFIG_H'
ECHO_C=''
ECHO_N='-n'
ECHO_T=''
INSTALL_DATA='${INSTALL} -m 644'
INSTALL_PROGRAM='${INSTALL}'
INSTALL_SCRIPT='${INSTALL}'
INSTALL_STRIP_PROGRAM='$(install_sh) -c -s'
LIBOBJS=''
LIBS=''
LTLIBOBJS=''
MAKEINFO='${SHELL} /root/DOE/sosdb-grafana/missing makeinfo'
MKDIR_P='/bin/mkdir -p'
PACKAGE='sosdb-grafana'
PACKAGE_BUGREPORT='nick@ogc.us'
PACKAGE_NAME='sosdb-grafana'
PACKAGE_STRING='sosdb-grafana 4.0.0'
PACKAGE_TARNAME='sosdb-grafana'
PACKAGE_URL=''
PACKAGE_VERSION='4.0.0'
PATH_SEPARATOR=':'
PYTHON='/bin/python3'
PYTHON_EXEC_PREFIX='${exec_prefix}'
PYTHON_PLATFORM='linux'
PYTHON_PREFIX='${prefix}'
PYTHON_VERSION='3.6'
SET_MAKE=''
SHELL='/bin/sh'
STRIP=''
VERSION='4.0.0'
am__isrc=' -I$(srcdir)'
am__leading_dot='.'
am__tar='$${TAR-tar} chof - "$$tardir"'
am__untar='$${TAR-tar} xf -'
bindir='${exec_prefix}/bin'
build_alias=''
datadir='${datarootdir}'
datarootdir='${prefix}/share'
distdir='sosdb-grafana-4.0.0'
docdir='${datarootdir}/doc/${PACKAGE_TARNAME}'
dvidir='${docdir}'
exec_prefix='${prefix}'
gplugin='/var/lib/grafana/plugins/sosds'
host_alias=''
htmldir='${docdir}'
includedir='${prefix}/include'
infodir='${datarootdir}/info'
install_sh='${SHELL} /root/DOE/sosdb-grafana/install-sh'
libdir='${exec_prefix}/lib'
libexecdir='${exec_prefix}/libexec'
localedir='${datarootdir}/locale'
localstatedir='${prefix}/var'
mandir='${datarootdir}/man'
mkdir_p='$(MKDIR_P)'
oldincludedir='/usr/include'
pdfdir='${docdir}'
pkgpyexecdir='${pyexecdir}/sosdb-grafana'
pkgpythondir='${pythondir}/sosdb-grafana'
prefix='/var/www/ovis_web_svcs'
program_transform_name='s,x,x,'
psdir='${docdir}'
pyexecdir='${exec_prefix}/lib64/python3.6/site-packages'
pythondir='${prefix}/lib/python3.6/site-packages'
sbindir='${exec_prefix}/sbin'
sharedstatedir='${prefix}/com'
sysconfdir='${prefix}/etc'
target_alias=''

## ----------- ##
## confdefs.h. ##
## ----------- ##

/* confdefs.h */
#define PACKAGE_NAME "sosdb-grafana"
#define PACKAGE_TARNAME "sosdb-grafana"
#define PACKAGE_VERSION "4.0.0"
#define PACKAGE_STRING "sosdb-grafana 4.0.0"
#define PACKAGE_BUGREPORT "nick@ogc.us"
#define PACKAGE_URL ""
#define PACKAGE "sosdb-grafana"
#define VERSION "4.0.0"

configure: exit 0

## ---------------------- ##
## Running config.status. ##
## ---------------------- ##

This file was extended by sosdb-grafana config.status 4.0.0, which was
generated by GNU Autoconf 2.69.  Invocation command line was

  CONFIG_FILES    = 
  CONFIG_HEADERS  = 
  CONFIG_LINKS    = 
  CONFIG_COMMANDS = 
  $ ./config.status grafana/Makefile

on iscq.internal.ncsa.edu

config.status:825: creating grafana/Makefile
